<?xml version="1.0" encoding="UTF-8"?>
<!-- Generated by org.testng.reporters.JUnitXMLReporter -->
<testsuite hostname="LAPTOP-D2GVCL39" ignored="0" name="Default test" tests="6" failures="0" timestamp="2021-10-10T21:01:16 IST" time="0.114" errors="0">
  <testcase name="sampleMethod" time="0.01" classname="KTCTC.JuneMavenProjectAutomation.DataProviderAnnotation"/>
  <testcase name="sampleMethod" time="0.002" classname="KTCTC.JuneMavenProjectAutomation.DataProviderAnnotation"/>
  <testcase name="sampleMethod" time="0.002" classname="KTCTC.JuneMavenProjectAutomation.DataProviderAnnotation"/>
  <testcase name="sampleMethod" time="0.014" classname="KTCTC.JuneMavenProjectAutomation.DataProviderAnnotation"/>
  <testcase name="sampleMethod2" time="0.002" classname="KTCTC.JuneMavenProjectAutomation.DataProviderAnnotation"/>
  <testcase name="sampleMethod2" time="0.001" classname="KTCTC.JuneMavenProjectAutomation.DataProviderAnnotation"/>
</testsuite> <!-- Default test -->
