<?xml version="1.0" encoding="UTF-8"?>
<!-- Generated by org.testng.reporters.JUnitXMLReporter -->
<testsuite hostname="LAPTOP-D2GVCL39" ignored="4" name="Functional" tests="4" failures="0" timestamp="2021-10-08T21:57:20 IST" time="0.393" errors="0">
  <testcase name="A" time="0.008" classname="KTCTC.JuneMavenProjectAutomation.AnnotaionsInTestNG2"/>
  <testcase name="B" time="0.003" classname="KTCTC.JuneMavenProjectAutomation.AnnotaionsInTestNG2"/>
  <testcase name="A" time="0.003" classname="KTCTC.JuneMavenProjectAutomation.AnnotaionsInTestNG3"/>
  <testcase name="B" time="0.014" classname="KTCTC.JuneMavenProjectAutomation.AnnotaionsInTestNG3"/>
  <testcase name="@BeforeSuite beforeSuite" time="0.0" classname="KTCTC.JuneMavenProjectAutomation.TestBase">
    <ignored/>
  </testcase> <!-- @BeforeSuite beforeSuite -->
  <testcase name="@BeforeTest beforeTest" time="0.0" classname="KTCTC.JuneMavenProjectAutomation.TestBase">
    <ignored/>
  </testcase> <!-- @BeforeTest beforeTest -->
  <testcase name="@AfterTest afterTest" time="0.0" classname="KTCTC.JuneMavenProjectAutomation.TestBase">
    <ignored/>
  </testcase> <!-- @AfterTest afterTest -->
  <testcase name="@AfterSuite afterSuite" time="0.0" classname="KTCTC.JuneMavenProjectAutomation.TestBase">
    <ignored/>
  </testcase> <!-- @AfterSuite afterSuite -->
</testsuite> <!-- Functional -->
