<?xml version="1.0" encoding="UTF-8"?>
<!-- Generated by org.testng.reporters.JUnitXMLReporter -->
<testsuite hostname="LAPTOP-D2GVCL39" ignored="0" name="NonFunction" tests="4" failures="0" timestamp="2021-10-09T20:32:11 IST" time="0.047" errors="0">
  <testcase name="A" time="0.014" classname="KTCTC.JuneMavenProjectAutomation.AnnotaionsInTestNG"/>
  <testcase name="B" time="0.001" classname="KTCTC.JuneMavenProjectAutomation.AnnotaionsInTestNG"/>
  <testcase name="verfyUserCanLoginWithVAlidCredentials" time="0.004" classname="KTCTC.JuneMavenProjectAutomation.AnnotaionsInTestNG"/>
  <testcase name="verfyUserCanNotLoginWithInvalidUserNameAndValidPassWord" time="0.001" classname="KTCTC.JuneMavenProjectAutomation.AnnotaionsInTestNG"/>
</testsuite> <!-- NonFunction -->
