<?xml version="1.0" encoding="UTF-8"?>
<testng-results skipped="0" failed="0" ignored="4" total="12" passed="8">
  <reporter-output>
  </reporter-output>
  <suite name="Regression" duration-ms="514" started-at="2021-10-08T21:57:20 IST" finished-at="2021-10-08T21:57:21 IST">
    <groups>
    </groups>
    <test name="Functional" duration-ms="393" started-at="2021-10-08T21:57:20 IST" finished-at="2021-10-08T21:57:20 IST">
      <class name="KTCTC.JuneMavenProjectAutomation.AnnotaionsInTestNG2">
        <test-method status="PASS" signature="beforeTest()[pri:0, instance:KTCTC.JuneMavenProjectAutomation.AnnotaionsInTestNG2@131276c2]" name="beforeTest" is-config="true" duration-ms="3" started-at="2021-10-08T21:57:20 IST" finished-at="2021-10-08T21:57:20 IST">
          <reporter-output>
          </reporter-output>
        </test-method> <!-- beforeTest -->
        <test-method status="PASS" signature="beforeClass()[pri:0, instance:KTCTC.JuneMavenProjectAutomation.AnnotaionsInTestNG2@131276c2]" name="beforeClass" is-config="true" duration-ms="1" started-at="2021-10-08T21:57:20 IST" finished-at="2021-10-08T21:57:20 IST">
          <reporter-output>
          </reporter-output>
        </test-method> <!-- beforeClass -->
        <test-method status="PASS" signature="beforeMethodAnnotation()[pri:0, instance:KTCTC.JuneMavenProjectAutomation.AnnotaionsInTestNG2@131276c2]" name="beforeMethodAnnotation" is-config="true" duration-ms="1" started-at="2021-10-08T21:57:20 IST" finished-at="2021-10-08T21:57:20 IST">
          <reporter-output>
          </reporter-output>
        </test-method> <!-- beforeMethodAnnotation -->
        <test-method status="PASS" signature="A()[pri:0, instance:KTCTC.JuneMavenProjectAutomation.AnnotaionsInTestNG2@131276c2]" name="A" duration-ms="8" started-at="2021-10-08T21:57:20 IST" finished-at="2021-10-08T21:57:20 IST">
          <reporter-output>
          </reporter-output>
        </test-method> <!-- A -->
        <test-method status="PASS" signature="afterMethodAnnotation()[pri:0, instance:KTCTC.JuneMavenProjectAutomation.AnnotaionsInTestNG2@131276c2]" name="afterMethodAnnotation" is-config="true" duration-ms="0" started-at="2021-10-08T21:57:20 IST" finished-at="2021-10-08T21:57:20 IST">
          <reporter-output>
          </reporter-output>
        </test-method> <!-- afterMethodAnnotation -->
        <test-method status="PASS" signature="beforeMethodAnnotation()[pri:0, instance:KTCTC.JuneMavenProjectAutomation.AnnotaionsInTestNG2@131276c2]" name="beforeMethodAnnotation" is-config="true" duration-ms="0" started-at="2021-10-08T21:57:20 IST" finished-at="2021-10-08T21:57:20 IST">
          <reporter-output>
          </reporter-output>
        </test-method> <!-- beforeMethodAnnotation -->
        <test-method status="PASS" signature="B()[pri:0, instance:KTCTC.JuneMavenProjectAutomation.AnnotaionsInTestNG2@131276c2]" name="B" duration-ms="3" started-at="2021-10-08T21:57:20 IST" finished-at="2021-10-08T21:57:20 IST">
          <reporter-output>
          </reporter-output>
        </test-method> <!-- B -->
        <test-method status="PASS" signature="afterMethodAnnotation()[pri:0, instance:KTCTC.JuneMavenProjectAutomation.AnnotaionsInTestNG2@131276c2]" name="afterMethodAnnotation" is-config="true" duration-ms="1" started-at="2021-10-08T21:57:20 IST" finished-at="2021-10-08T21:57:20 IST">
          <reporter-output>
          </reporter-output>
        </test-method> <!-- afterMethodAnnotation -->
        <test-method status="PASS" signature="afterClass()[pri:0, instance:KTCTC.JuneMavenProjectAutomation.AnnotaionsInTestNG2@131276c2]" name="afterClass" is-config="true" duration-ms="0" started-at="2021-10-08T21:57:20 IST" finished-at="2021-10-08T21:57:20 IST">
          <reporter-output>
          </reporter-output>
        </test-method> <!-- afterClass -->
        <test-method status="PASS" signature="afterTest()[pri:0, instance:KTCTC.JuneMavenProjectAutomation.AnnotaionsInTestNG2@131276c2]" name="afterTest" is-config="true" duration-ms="1" started-at="2021-10-08T21:57:20 IST" finished-at="2021-10-08T21:57:20 IST">
          <reporter-output>
          </reporter-output>
        </test-method> <!-- afterTest -->
      </class> <!-- KTCTC.JuneMavenProjectAutomation.AnnotaionsInTestNG2 -->
      <class name="KTCTC.JuneMavenProjectAutomation.AnnotaionsInTestNG3">
        <test-method status="PASS" signature="beforeClass()[pri:0, instance:KTCTC.JuneMavenProjectAutomation.AnnotaionsInTestNG3@26aa12dd]" name="beforeClass" is-config="true" duration-ms="1" started-at="2021-10-08T21:57:20 IST" finished-at="2021-10-08T21:57:20 IST">
          <reporter-output>
          </reporter-output>
        </test-method> <!-- beforeClass -->
        <test-method status="PASS" signature="beforeMethodAnnotation()[pri:0, instance:KTCTC.JuneMavenProjectAutomation.AnnotaionsInTestNG3@26aa12dd]" name="beforeMethodAnnotation" is-config="true" duration-ms="0" started-at="2021-10-08T21:57:20 IST" finished-at="2021-10-08T21:57:20 IST">
          <reporter-output>
          </reporter-output>
        </test-method> <!-- beforeMethodAnnotation -->
        <test-method status="PASS" signature="A()[pri:0, instance:KTCTC.JuneMavenProjectAutomation.AnnotaionsInTestNG3@26aa12dd]" name="A" duration-ms="3" started-at="2021-10-08T21:57:20 IST" finished-at="2021-10-08T21:57:20 IST">
          <reporter-output>
          </reporter-output>
        </test-method> <!-- A -->
        <test-method status="PASS" signature="afterMethodAnnotation()[pri:0, instance:KTCTC.JuneMavenProjectAutomation.AnnotaionsInTestNG3@26aa12dd]" name="afterMethodAnnotation" is-config="true" duration-ms="1" started-at="2021-10-08T21:57:20 IST" finished-at="2021-10-08T21:57:20 IST">
          <reporter-output>
          </reporter-output>
        </test-method> <!-- afterMethodAnnotation -->
        <test-method status="PASS" signature="beforeMethodAnnotation()[pri:0, instance:KTCTC.JuneMavenProjectAutomation.AnnotaionsInTestNG3@26aa12dd]" name="beforeMethodAnnotation" is-config="true" duration-ms="1" started-at="2021-10-08T21:57:20 IST" finished-at="2021-10-08T21:57:20 IST">
          <reporter-output>
          </reporter-output>
        </test-method> <!-- beforeMethodAnnotation -->
        <test-method status="PASS" signature="B()[pri:0, instance:KTCTC.JuneMavenProjectAutomation.AnnotaionsInTestNG3@26aa12dd]" name="B" duration-ms="14" started-at="2021-10-08T21:57:20 IST" finished-at="2021-10-08T21:57:20 IST">
          <reporter-output>
          </reporter-output>
        </test-method> <!-- B -->
        <test-method status="PASS" signature="afterMethodAnnotation()[pri:0, instance:KTCTC.JuneMavenProjectAutomation.AnnotaionsInTestNG3@26aa12dd]" name="afterMethodAnnotation" is-config="true" duration-ms="0" started-at="2021-10-08T21:57:20 IST" finished-at="2021-10-08T21:57:20 IST">
          <reporter-output>
          </reporter-output>
        </test-method> <!-- afterMethodAnnotation -->
        <test-method status="PASS" signature="afterClass()[pri:0, instance:KTCTC.JuneMavenProjectAutomation.AnnotaionsInTestNG3@26aa12dd]" name="afterClass" is-config="true" duration-ms="1" started-at="2021-10-08T21:57:20 IST" finished-at="2021-10-08T21:57:20 IST">
          <reporter-output>
          </reporter-output>
        </test-method> <!-- afterClass -->
      </class> <!-- KTCTC.JuneMavenProjectAutomation.AnnotaionsInTestNG3 -->
    </test> <!-- Functional -->
    <test name="NonFunction" duration-ms="43" started-at="2021-10-08T21:57:20 IST" finished-at="2021-10-08T21:57:21 IST">
      <class name="KTCTC.JuneMavenProjectAutomation.AnnotaionsInTestNG">
        <test-method status="PASS" signature="beforeSuite()[pri:0, instance:KTCTC.JuneMavenProjectAutomation.AnnotaionsInTestNG@4493d195]" name="beforeSuite" is-config="true" duration-ms="33" started-at="2021-10-08T21:57:20 IST" finished-at="2021-10-08T21:57:20 IST">
          <reporter-output>
          </reporter-output>
        </test-method> <!-- beforeSuite -->
        <test-method status="PASS" signature="beforeTest()[pri:0, instance:KTCTC.JuneMavenProjectAutomation.AnnotaionsInTestNG@4493d195]" name="beforeTest" is-config="true" duration-ms="1" started-at="2021-10-08T21:57:20 IST" finished-at="2021-10-08T21:57:20 IST">
          <reporter-output>
          </reporter-output>
        </test-method> <!-- beforeTest -->
        <test-method status="PASS" signature="beforeMethodAnnotation()[pri:0, instance:KTCTC.JuneMavenProjectAutomation.AnnotaionsInTestNG@4493d195]" name="beforeMethodAnnotation" is-config="true" duration-ms="1" started-at="2021-10-08T21:57:20 IST" finished-at="2021-10-08T21:57:20 IST">
          <reporter-output>
          </reporter-output>
        </test-method> <!-- beforeMethodAnnotation -->
        <test-method status="PASS" signature="beforeClass()[pri:0, instance:KTCTC.JuneMavenProjectAutomation.AnnotaionsInTestNG@4493d195]" name="beforeClass" is-config="true" duration-ms="0" started-at="2021-10-08T21:57:20 IST" finished-at="2021-10-08T21:57:20 IST">
          <reporter-output>
          </reporter-output>
        </test-method> <!-- beforeClass -->
        <test-method status="PASS" signature="A()[pri:0, instance:KTCTC.JuneMavenProjectAutomation.AnnotaionsInTestNG@4493d195]" name="A" duration-ms="2" started-at="2021-10-08T21:57:20 IST" finished-at="2021-10-08T21:57:21 IST">
          <reporter-output>
          </reporter-output>
        </test-method> <!-- A -->
        <test-method status="PASS" signature="afterMethodAnnotation()[pri:0, instance:KTCTC.JuneMavenProjectAutomation.AnnotaionsInTestNG@4493d195]" name="afterMethodAnnotation" is-config="true" duration-ms="1" started-at="2021-10-08T21:57:21 IST" finished-at="2021-10-08T21:57:21 IST">
          <reporter-output>
          </reporter-output>
        </test-method> <!-- afterMethodAnnotation -->
        <test-method status="PASS" signature="beforeMethodAnnotation()[pri:0, instance:KTCTC.JuneMavenProjectAutomation.AnnotaionsInTestNG@4493d195]" name="beforeMethodAnnotation" is-config="true" duration-ms="1" started-at="2021-10-08T21:57:21 IST" finished-at="2021-10-08T21:57:21 IST">
          <reporter-output>
          </reporter-output>
        </test-method> <!-- beforeMethodAnnotation -->
        <test-method status="PASS" signature="B()[pri:0, instance:KTCTC.JuneMavenProjectAutomation.AnnotaionsInTestNG@4493d195]" name="B" duration-ms="3" started-at="2021-10-08T21:57:21 IST" finished-at="2021-10-08T21:57:21 IST">
          <reporter-output>
          </reporter-output>
        </test-method> <!-- B -->
        <test-method status="PASS" signature="afterMethodAnnotation()[pri:0, instance:KTCTC.JuneMavenProjectAutomation.AnnotaionsInTestNG@4493d195]" name="afterMethodAnnotation" is-config="true" duration-ms="1" started-at="2021-10-08T21:57:21 IST" finished-at="2021-10-08T21:57:21 IST">
          <reporter-output>
          </reporter-output>
        </test-method> <!-- afterMethodAnnotation -->
        <test-method status="PASS" signature="beforeMethodAnnotation()[pri:0, instance:KTCTC.JuneMavenProjectAutomation.AnnotaionsInTestNG@4493d195]" name="beforeMethodAnnotation" is-config="true" duration-ms="0" started-at="2021-10-08T21:57:21 IST" finished-at="2021-10-08T21:57:21 IST">
          <reporter-output>
          </reporter-output>
        </test-method> <!-- beforeMethodAnnotation -->
        <test-method status="PASS" signature="verfyUserCanLoginWithVAlidCredentials()[pri:0, instance:KTCTC.JuneMavenProjectAutomation.AnnotaionsInTestNG@4493d195]" name="verfyUserCanLoginWithVAlidCredentials" duration-ms="1" started-at="2021-10-08T21:57:21 IST" finished-at="2021-10-08T21:57:21 IST">
          <reporter-output>
          </reporter-output>
        </test-method> <!-- verfyUserCanLoginWithVAlidCredentials -->
        <test-method status="PASS" signature="afterMethodAnnotation()[pri:0, instance:KTCTC.JuneMavenProjectAutomation.AnnotaionsInTestNG@4493d195]" name="afterMethodAnnotation" is-config="true" duration-ms="1" started-at="2021-10-08T21:57:21 IST" finished-at="2021-10-08T21:57:21 IST">
          <reporter-output>
          </reporter-output>
        </test-method> <!-- afterMethodAnnotation -->
        <test-method status="PASS" signature="beforeMethodAnnotation()[pri:0, instance:KTCTC.JuneMavenProjectAutomation.AnnotaionsInTestNG@4493d195]" name="beforeMethodAnnotation" is-config="true" duration-ms="2" started-at="2021-10-08T21:57:21 IST" finished-at="2021-10-08T21:57:21 IST">
          <reporter-output>
          </reporter-output>
        </test-method> <!-- beforeMethodAnnotation -->
        <test-method status="PASS" signature="verfyUserCanNotLoginWithInvalidUserNameAndValidPassWord()[pri:0, instance:KTCTC.JuneMavenProjectAutomation.AnnotaionsInTestNG@4493d195]" name="verfyUserCanNotLoginWithInvalidUserNameAndValidPassWord" duration-ms="4" started-at="2021-10-08T21:57:21 IST" finished-at="2021-10-08T21:57:21 IST">
          <reporter-output>
          </reporter-output>
        </test-method> <!-- verfyUserCanNotLoginWithInvalidUserNameAndValidPassWord -->
        <test-method status="PASS" signature="afterMethodAnnotation()[pri:0, instance:KTCTC.JuneMavenProjectAutomation.AnnotaionsInTestNG@4493d195]" name="afterMethodAnnotation" is-config="true" duration-ms="4" started-at="2021-10-08T21:57:21 IST" finished-at="2021-10-08T21:57:21 IST">
          <reporter-output>
          </reporter-output>
        </test-method> <!-- afterMethodAnnotation -->
        <test-method status="PASS" signature="afterClass()[pri:0, instance:KTCTC.JuneMavenProjectAutomation.AnnotaionsInTestNG@4493d195]" name="afterClass" is-config="true" duration-ms="0" started-at="2021-10-08T21:57:21 IST" finished-at="2021-10-08T21:57:21 IST">
          <reporter-output>
          </reporter-output>
        </test-method> <!-- afterClass -->
        <test-method status="PASS" signature="afterTest()[pri:0, instance:KTCTC.JuneMavenProjectAutomation.AnnotaionsInTestNG@4493d195]" name="afterTest" is-config="true" duration-ms="0" started-at="2021-10-08T21:57:21 IST" finished-at="2021-10-08T21:57:21 IST">
          <reporter-output>
          </reporter-output>
        </test-method> <!-- afterTest -->
        <test-method status="PASS" signature="afterSuite()[pri:0, instance:KTCTC.JuneMavenProjectAutomation.AnnotaionsInTestNG@4493d195]" name="afterSuite" is-config="true" duration-ms="1" started-at="2021-10-08T21:57:21 IST" finished-at="2021-10-08T21:57:21 IST">
          <reporter-output>
          </reporter-output>
        </test-method> <!-- afterSuite -->
      </class> <!-- KTCTC.JuneMavenProjectAutomation.AnnotaionsInTestNG -->
    </test> <!-- NonFunction -->
  </suite> <!-- Regression -->
</testng-results>
