<?xml version="1.0" encoding="UTF-8"?>
<!-- Generated by org.testng.reporters.JUnitXMLReporter -->
<testsuite hostname="LAPTOP-D2GVCL39" ignored="8" name="Regression" tests="8" failures="0" timestamp="2021-10-09T20:14:42 IST" time="0.108" errors="0">
  <testcase name="A" time="0.004" classname="KTCTC.JuneMavenProjectAutomation.AnnotaionsInTestNG2"/>
  <testcase name="B" time="0.001" classname="KTCTC.JuneMavenProjectAutomation.AnnotaionsInTestNG2"/>
  <testcase name="A" time="0.001" classname="KTCTC.JuneMavenProjectAutomation.AnnotaionsInTestNG3"/>
  <testcase name="B" time="0.001" classname="KTCTC.JuneMavenProjectAutomation.AnnotaionsInTestNG3"/>
  <testcase name="A" time="0.002" classname="KTCTC.JuneMavenProjectAutomation.AnnotaionsInTestNG"/>
  <testcase name="B" time="0.002" classname="KTCTC.JuneMavenProjectAutomation.AnnotaionsInTestNG"/>
  <testcase name="verfyUserCanLoginWithVAlidCredentials" time="0.009" classname="KTCTC.JuneMavenProjectAutomation.AnnotaionsInTestNG"/>
  <testcase name="verfyUserCanNotLoginWithInvalidUserNameAndValidPassWord" time="0.001" classname="KTCTC.JuneMavenProjectAutomation.AnnotaionsInTestNG"/>
  <testcase name="@BeforeSuite beforeSuite" time="0.0" classname="KTCTC.JuneMavenProjectAutomation.TestBase">
    <ignored/>
  </testcase> <!-- @BeforeSuite beforeSuite -->
  <testcase name="@BeforeSuite beforeSuite" time="0.0" classname="KTCTC.JuneMavenProjectAutomation.TestBase">
    <ignored/>
  </testcase> <!-- @BeforeSuite beforeSuite -->
  <testcase name="@BeforeTest beforeTest" time="0.0" classname="KTCTC.JuneMavenProjectAutomation.TestBase">
    <ignored/>
  </testcase> <!-- @BeforeTest beforeTest -->
  <testcase name="@BeforeTest beforeTest" time="0.0" classname="KTCTC.JuneMavenProjectAutomation.TestBase">
    <ignored/>
  </testcase> <!-- @BeforeTest beforeTest -->
  <testcase name="@AfterTest afterTest" time="0.0" classname="KTCTC.JuneMavenProjectAutomation.TestBase">
    <ignored/>
  </testcase> <!-- @AfterTest afterTest -->
  <testcase name="@AfterTest afterTest" time="0.0" classname="KTCTC.JuneMavenProjectAutomation.TestBase">
    <ignored/>
  </testcase> <!-- @AfterTest afterTest -->
  <testcase name="@AfterSuite afterSuite" time="0.0" classname="KTCTC.JuneMavenProjectAutomation.TestBase">
    <ignored/>
  </testcase> <!-- @AfterSuite afterSuite -->
  <testcase name="@AfterSuite afterSuite" time="0.0" classname="KTCTC.JuneMavenProjectAutomation.TestBase">
    <ignored/>
  </testcase> <!-- @AfterSuite afterSuite -->
</testsuite> <!-- Regression -->
